# JRE version: Java(TM) SE Runtime Environment (22.0+36) (build 22+36-2370)
# Java VM: Java HotSpot(TM) 64-Bit Server VM (22+36-2370, mixed mode, sharing, tiered, compressed oops, compressed class ptrs, g1 gc, windows-amd64)
GC Precious Log:
 CardTable entry size: 512
 Card Set container configuration: InlinePtr #cards 4 size 8 Array Of Cards #cards 16 size 48 Howl #buckets 8 coarsen threshold 3686 Howl Bitmap #cards 512 size 80 coarsen threshold 460 Card regions per heap region 1 cards per card region 4096
 CPUs: 12 total, 12 available
 Memory: 16309M
 Large Page Support: Disabled
 NUMA Support: Disabled
 Compressed Oops: Enabled (Zero based)
 Heap Region Size: 2M
 Heap Min Capacity: 8M
 Heap Initial Capacity: 256M
 Heap Max Capacity: 4G
 Pre-touch: Disabled
 Parallel Workers: 10
 Concurrent Workers: 3
 Concurrent Refinement Workers: 10
 Periodic GC: Disabled
Heap:
 garbage-first heap   total reserved 4194304K, committed 397312K, used 118515K [0x0000000700000000, 0x0000000800000000)
  region size 2048K, 9 young (18432K), 9 survivors (18432K)
 Metaspace       used 70049K, committed 71872K, reserved 1114112K
  class space    used 9730K, committed 10624K, reserved 1048576K
GC Heap History (20 events):
Event: 213.392 GC heap after
{Heap after GC invocations=28 (full 0):
 garbage-first heap   total reserved 4194304K, committed 247808K, used 102365K [0x0000000700000000, 0x0000000800000000)
  region size 2048K, 9 young (18432K), 9 survivors (18432K)
 Metaspace       used 69530K, committed 71360K, reserved 1114112K
  class space    used 9724K, committed 10560K, reserved 1048576K
}
Event: 213.635 GC heap before
{Heap before GC invocations=28 (full 0):
 garbage-first heap   total reserved 4194304K, committed 247808K, used 212957K [0x0000000700000000, 0x0000000800000000)
  region size 2048K, 64 young (131072K), 9 survivors (18432K)
 Metaspace       used 69667K, committed 71424K, reserved 1114112K
  class space    used 9725K, committed 10560K, reserved 1048576K
}
Event: 213.650 GC heap after
{Heap after GC invocations=29 (full 0):
 garbage-first heap   total reserved 4194304K, committed 247808K, used 101735K [0x0000000700000000, 0x0000000800000000)
  region size 2048K, 2 young (4096K), 2 survivors (4096K)
 Metaspace       used 69667K, committed 71424K, reserved 1114112K
  class space    used 9725K, committed 10560K, reserved 1048576K
}
Event: 213.911 GC heap before
{Heap before GC invocations=29 (full 0):
 garbage-first heap   total reserved 4194304K, committed 247808K, used 216423K [0x0000000700000000, 0x0000000800000000)
  region size 2048K, 59 young (120832K), 2 survivors (4096K)
 Metaspace       used 69752K, committed 71488K, reserved 1114112K
  class space    used 9726K, committed 10560K, reserved 1048576K
}
Event: 213.917 GC heap after
{Heap after GC invocations=30 (full 0):
 garbage-first heap   total reserved 4194304K, committed 247808K, used 104521K [0x0000000700000000, 0x0000000800000000)
  region size 2048K, 3 young (6144K), 3 survivors (6144K)
 Metaspace       used 69752K, committed 71488K, reserved 1114112K
  class space    used 9726K, committed 10560K, reserved 1048576K
}
Event: 214.163 GC heap before
{Heap before GC invocations=31 (full 0):
 garbage-first heap   total reserved 4194304K, committed 247808K, used 221257K [0x0000000700000000, 0x0000000800000000)
  region size 2048K, 60 young (122880K), 3 survivors (6144K)
 Metaspace       used 69807K, committed 71616K, reserved 1114112K
  class space    used 9726K, committed 10560K, reserved 1048576K
}
Event: 214.171 GC heap after
{Heap after GC invocations=32 (full 0):
 garbage-first heap   total reserved 4194304K, committed 247808K, used 107658K [0x0000000700000000, 0x0000000800000000)
  region size 2048K, 4 young (8192K), 4 survivors (8192K)
 Metaspace       used 69807K, committed 71616K, reserved 1114112K
  class space    used 9726K, committed 10560K, reserved 1048576K
}
Event: 214.445 GC heap before
{Heap before GC invocations=32 (full 0):
 garbage-first heap   total reserved 4194304K, committed 247808K, used 220298K [0x0000000700000000, 0x0000000800000000)
  region size 2048K, 60 young (122880K), 4 survivors (8192K)
 Metaspace       used 69902K, committed 71680K, reserved 1114112K
  class space    used 9726K, committed 10560K, reserved 1048576K
}
Event: 214.452 GC heap after
{Heap after GC invocations=33 (full 0):
 garbage-first heap   total reserved 4194304K, committed 397312K, used 104184K [0x0000000700000000, 0x0000000800000000)
  region size 2048K, 4 young (8192K), 4 survivors (8192K)
 Metaspace       used 69902K, committed 71680K, reserved 1114112K
  class space    used 9726K, committed 10560K, reserved 1048576K
}
Event: 215.054 GC heap before
{Heap before GC invocations=33 (full 0):
 garbage-first heap   total reserved 4194304K, committed 397312K, used 333560K [0x0000000700000000, 0x0000000800000000)
  region size 2048K, 116 young (237568K), 4 survivors (8192K)
 Metaspace       used 70020K, committed 71872K, reserved 1114112K
  class space    used 9728K, committed 10624K, reserved 1048576K
}
Event: 215.061 GC heap after
{Heap after GC invocations=34 (full 0):
 garbage-first heap   total reserved 4194304K, committed 397312K, used 109195K [0x0000000700000000, 0x0000000800000000)
  region size 2048K, 6 young (12288K), 6 survivors (12288K)
 Metaspace       used 70020K, committed 71872K, reserved 1114112K
  class space    used 9728K, committed 10624K, reserved 1048576K
}
Event: 215.416 GC heap before
{Heap before GC invocations=35 (full 0):
 garbage-first heap   total reserved 4194304K, committed 368640K, used 316043K [0x0000000700000000, 0x0000000800000000)
  region size 2048K, 108 young (221184K), 6 survivors (12288K)
 Metaspace       used 70036K, committed 71872K, reserved 1114112K
  class space    used 9730K, committed 10624K, reserved 1048576K
}
Event: 215.427 GC heap after
{Heap after GC invocations=36 (full 0):
 garbage-first heap   total reserved 4194304K, committed 368640K, used 110196K [0x0000000700000000, 0x0000000800000000)
  region size 2048K, 7 young (14336K), 7 survivors (14336K)
 Metaspace       used 70036K, committed 71872K, reserved 1114112K
  class space    used 9730K, committed 10624K, reserved 1048576K
}
Event: 215.685 GC heap before
{Heap before GC invocations=36 (full 0):
 garbage-first heap   total reserved 4194304K, committed 368640K, used 317044K [0x0000000700000000, 0x0000000800000000)
  region size 2048K, 108 young (221184K), 7 survivors (14336K)
 Metaspace       used 70041K, committed 71872K, reserved 1114112K
  class space    used 9730K, committed 10624K, reserved 1048576K
}
Event: 215.695 GC heap after
{Heap after GC invocations=37 (full 0):
 garbage-first heap   total reserved 4194304K, committed 368640K, used 110016K [0x0000000700000000, 0x0000000800000000)
  region size 2048K, 8 young (16384K), 8 survivors (16384K)
 Metaspace       used 70041K, committed 71872K, reserved 1114112K
  class space    used 9730K, committed 10624K, reserved 1048576K
}
Event: 216.029 GC heap before
{Heap before GC invocations=37 (full 0):
 garbage-first heap   total reserved 4194304K, committed 368640K, used 312768K [0x0000000700000000, 0x0000000800000000)
  region size 2048K, 108 young (221184K), 8 survivors (16384K)
 Metaspace       used 70044K, committed 71872K, reserved 1114112K
  class space    used 9730K, committed 10624K, reserved 1048576K
}
Event: 216.043 GC heap after
{Heap after GC invocations=38 (full 0):
 garbage-first heap   total reserved 4194304K, committed 368640K, used 114345K [0x0000000700000000, 0x0000000800000000)
  region size 2048K, 10 young (20480K), 10 survivors (20480K)
 Metaspace       used 70044K, committed 71872K, reserved 1114112K
  class space    used 9730K, committed 10624K, reserved 1048576K
}
Event: 216.369 GC heap before
{Heap before GC invocations=39 (full 0):
 garbage-first heap   total reserved 4194304K, committed 368640K, used 313001K [0x0000000700000000, 0x0000000800000000)
  region size 2048K, 108 young (221184K), 10 survivors (20480K)
 Metaspace       used 70049K, committed 71872K, reserved 1114112K
  class space    used 9730K, committed 10624K, reserved 1048576K
}
Event: 216.381 GC heap after
{Heap after GC invocations=40 (full 0):
 garbage-first heap   total reserved 4194304K, committed 368640K, used 117857K [0x0000000700000000, 0x0000000800000000)
  region size 2048K, 9 young (18432K), 9 survivors (18432K)
 Metaspace       used 70049K, committed 71872K, reserved 1114112K
  class space    used 9730K, committed 10624K, reserved 1048576K
}
Event: 216.560 GC heap before
{Heap before GC invocations=40 (full 0):
 garbage-first heap   total reserved 4194304K, committed 368640K, used 318561K [0x0000000700000000, 0x0000000800000000)
  region size 2048K, 108 young (221184K), 9 survivors (18432K)
 Metaspace       used 70049K, committed 71872K, reserved 1114112K
  class space    used 9730K, committed 10624K, reserved 1048576K
}

