# JRE version: Java(TM) SE Runtime Environment (22.0+36) (build 22+36-2370)
# Java VM: Java HotSpot(TM) 64-Bit Server VM (22+36-2370, mixed mode, sharing, tiered, compressed oops, compressed class ptrs, g1 gc, windows-amd64)
GC Precious Log:
 CardTable entry size: 512
 Card Set container configuration: InlinePtr #cards 4 size 8 Array Of Cards #cards 16 size 48 Howl #buckets 8 coarsen threshold 3686 Howl Bitmap #cards 512 size 80 coarsen threshold 460 Card regions per heap region 1 cards per card region 4096
 CPUs: 12 total, 12 available
 Memory: 16309M
 Large Page Support: Disabled
 NUMA Support: Disabled
 Compressed Oops: Enabled (Zero based)
 Heap Region Size: 2M
 Heap Min Capacity: 8M
 Heap Initial Capacity: 256M
 Heap Max Capacity: 4G
 Pre-touch: Disabled
 Parallel Workers: 10
 Concurrent Workers: 3
 Concurrent Refinement Workers: 10
 Periodic GC: Disabled
Heap:
 garbage-first heap   total reserved 4194304K, committed 192512K, used 133964K [0x0000000700000000, 0x0000000800000000)
  region size 2048K, 23 young (47104K), 5 survivors (10240K)
 Metaspace       used 91350K, committed 93632K, reserved 1179648K
  class space    used 13203K, committed 14272K, reserved 1048576K
GC Heap History (20 events):
Event: 11.332 GC heap before
{Heap before GC invocations=15 (full 0):
 garbage-first heap   total reserved 4194304K, committed 133120K, used 88439K [0x0000000700000000, 0x0000000800000000)
  region size 2048K, 14 young (28672K), 4 survivors (8192K)
 Metaspace       used 59011K, committed 60800K, reserved 1114112K
  class space    used 8393K, committed 9280K, reserved 1048576K
}
Event: 11.335 GC heap after
{Heap after GC invocations=16 (full 0):
 garbage-first heap   total reserved 4194304K, committed 159744K, used 70151K [0x0000000700000000, 0x0000000800000000)
  region size 2048K, 1 young (2048K), 1 survivors (2048K)
 Metaspace       used 59011K, committed 60800K, reserved 1114112K
  class space    used 8393K, committed 9280K, reserved 1048576K
}
Event: 12.029 GC heap before
{Heap before GC invocations=17 (full 0):
 garbage-first heap   total reserved 4194304K, committed 159744K, used 131591K [0x0000000700000000, 0x0000000800000000)
  region size 2048K, 32 young (65536K), 1 survivors (2048K)
 Metaspace       used 63749K, committed 65792K, reserved 1114112K
  class space    used 9117K, committed 10112K, reserved 1048576K
}
Event: 12.058 GC heap after
{Heap after GC invocations=18 (full 0):
 garbage-first heap   total reserved 4194304K, committed 159744K, used 75234K [0x0000000700000000, 0x0000000800000000)
  region size 2048K, 3 young (6144K), 3 survivors (6144K)
 Metaspace       used 63749K, committed 65792K, reserved 1114112K
  class space    used 9117K, committed 10112K, reserved 1048576K
}
Event: 12.860 GC heap before
{Heap before GC invocations=18 (full 0):
 garbage-first heap   total reserved 4194304K, committed 159744K, used 136674K [0x0000000700000000, 0x0000000800000000)
  region size 2048K, 33 young (67584K), 3 survivors (6144K)
 Metaspace       used 66258K, committed 68224K, reserved 1114112K
  class space    used 9461K, committed 10432K, reserved 1048576K
}
Event: 12.872 GC heap after
{Heap after GC invocations=19 (full 0):
 garbage-first heap   total reserved 4194304K, committed 159744K, used 78746K [0x0000000700000000, 0x0000000800000000)
  region size 2048K, 3 young (6144K), 3 survivors (6144K)
 Metaspace       used 66258K, committed 68224K, reserved 1114112K
  class space    used 9461K, committed 10432K, reserved 1048576K
}
Event: 13.620 GC heap before
{Heap before GC invocations=19 (full 0):
 garbage-first heap   total reserved 4194304K, committed 159744K, used 136090K [0x0000000700000000, 0x0000000800000000)
  region size 2048K, 32 young (65536K), 3 survivors (6144K)
 Metaspace       used 69609K, committed 71680K, reserved 1114112K
  class space    used 9939K, committed 10944K, reserved 1048576K
}
Event: 13.625 GC heap after
{Heap after GC invocations=20 (full 0):
 garbage-first heap   total reserved 4194304K, committed 159744K, used 81977K [0x0000000700000000, 0x0000000800000000)
  region size 2048K, 2 young (4096K), 2 survivors (4096K)
 Metaspace       used 69609K, committed 71680K, reserved 1114112K
  class space    used 9939K, committed 10944K, reserved 1048576K
}
Event: 14.340 GC heap before
{Heap before GC invocations=21 (full 0):
 garbage-first heap   total reserved 4194304K, committed 159744K, used 141369K [0x0000000700000000, 0x0000000800000000)
  region size 2048K, 31 young (63488K), 2 survivors (4096K)
 Metaspace       used 73627K, committed 75776K, reserved 1114112K
  class space    used 10674K, committed 11712K, reserved 1048576K
}
Event: 14.344 GC heap after
{Heap after GC invocations=22 (full 0):
 garbage-first heap   total reserved 4194304K, committed 159744K, used 84069K [0x0000000700000000, 0x0000000800000000)
  region size 2048K, 3 young (6144K), 3 survivors (6144K)
 Metaspace       used 73627K, committed 75776K, reserved 1114112K
  class space    used 10674K, committed 11712K, reserved 1048576K
}
Event: 15.094 GC heap before
{Heap before GC invocations=22 (full 0):
 garbage-first heap   total reserved 4194304K, committed 159744K, used 141413K [0x0000000700000000, 0x0000000800000000)
  region size 2048K, 31 young (63488K), 3 survivors (6144K)
 Metaspace       used 77810K, committed 79936K, reserved 1179648K
  class space    used 11341K, committed 12352K, reserved 1048576K
}
Event: 15.102 GC heap after
{Heap after GC invocations=23 (full 0):
 garbage-first heap   total reserved 4194304K, committed 159744K, used 86923K [0x0000000700000000, 0x0000000800000000)
  region size 2048K, 4 young (8192K), 4 survivors (8192K)
 Metaspace       used 77810K, committed 79936K, reserved 1179648K
  class space    used 11341K, committed 12352K, reserved 1048576K
}
Event: 15.684 GC heap before
{Heap before GC invocations=23 (full 0):
 garbage-first heap   total reserved 4194304K, committed 159744K, used 136075K [0x0000000700000000, 0x0000000800000000)
  region size 2048K, 29 young (59392K), 4 survivors (8192K)
 Metaspace       used 80560K, committed 82688K, reserved 1179648K
  class space    used 11742K, committed 12800K, reserved 1048576K
}
Event: 15.692 GC heap after
{Heap after GC invocations=24 (full 0):
 garbage-first heap   total reserved 4194304K, committed 159744K, used 90002K [0x0000000700000000, 0x0000000800000000)
  region size 2048K, 4 young (8192K), 4 survivors (8192K)
 Metaspace       used 80560K, committed 82688K, reserved 1179648K
  class space    used 11742K, committed 12800K, reserved 1048576K
}
Event: 16.299 GC heap before
{Heap before GC invocations=25 (full 0):
 garbage-first heap   total reserved 4194304K, committed 159744K, used 139154K [0x0000000700000000, 0x0000000800000000)
  region size 2048K, 28 young (57344K), 4 survivors (8192K)
 Metaspace       used 84452K, committed 86592K, reserved 1179648K
  class space    used 12288K, committed 13312K, reserved 1048576K
}
Event: 16.310 GC heap after
{Heap after GC invocations=26 (full 0):
 garbage-first heap   total reserved 4194304K, committed 159744K, used 92390K [0x0000000700000000, 0x0000000800000000)
  region size 2048K, 3 young (6144K), 3 survivors (6144K)
 Metaspace       used 84452K, committed 86592K, reserved 1179648K
  class space    used 12288K, committed 13312K, reserved 1048576K
}
Event: 1243.096 GC heap before
{Heap before GC invocations=26 (full 0):
 garbage-first heap   total reserved 4194304K, committed 159744K, used 141542K [0x0000000700000000, 0x0000000800000000)
  region size 2048K, 27 young (55296K), 3 survivors (6144K)
 Metaspace       used 85033K, committed 87232K, reserved 1179648K
  class space    used 12328K, committed 13376K, reserved 1048576K
}
Event: 1243.102 GC heap after
{Heap after GC invocations=27 (full 0):
 garbage-first heap   total reserved 4194304K, committed 192512K, used 92347K [0x0000000700000000, 0x0000000800000000)
  region size 2048K, 2 young (4096K), 2 survivors (4096K)
 Metaspace       used 85033K, committed 87232K, reserved 1179648K
  class space    used 12328K, committed 13376K, reserved 1048576K
}
Event: 1244.850 GC heap before
{Heap before GC invocations=27 (full 0):
 garbage-first heap   total reserved 4194304K, committed 192512K, used 172219K [0x0000000700000000, 0x0000000800000000)
  region size 2048K, 42 young (86016K), 2 survivors (4096K)
 Metaspace       used 89197K, committed 91392K, reserved 1179648K
  class space    used 12964K, committed 14016K, reserved 1048576K
}
Event: 1244.858 GC heap after
{Heap after GC invocations=28 (full 0):
 garbage-first heap   total reserved 4194304K, committed 192512K, used 99148K [0x0000000700000000, 0x0000000800000000)
  region size 2048K, 5 young (10240K), 5 survivors (10240K)
 Metaspace       used 89197K, committed 91392K, reserved 1179648K
  class space    used 12964K, committed 14016K, reserved 1048576K
}

