# JRE version: OpenJDK Runtime Environment (21.0.5) (build 21.0.5+-13047016-b750.29)
# Java VM: OpenJDK 64-Bit Server VM (21.0.5+-13047016-b750.29, mixed mode, tiered, compressed oops, compressed class ptrs, g1 gc, windows-amd64)
GC Precious Log:
 CardTable entry size: 512
 Card Set container configuration: InlinePtr #cards 4 size 8 Array Of Cards #cards 16 size 48 Howl #buckets 8 coarsen threshold 3686 Howl Bitmap #cards 512 size 80 coarsen threshold 460 Card regions per heap region 1 cards per card region 4096
 CPUs: 12 total, 12 available
 Memory: 16309M
 Large Page Support: Disabled
 NUMA Support: Disabled
 Compressed Oops: Enabled (Zero based)
 Heap Region Size: 2M
 Heap Min Capacity: 8M
 Heap Initial Capacity: 256M
 Heap Max Capacity: 4G
 Pre-touch: Disabled
 Parallel Workers: 10
 Concurrent Workers: 3
 Concurrent Refinement Workers: 10
 Periodic GC: Disabled
Heap:
 garbage-first heap   total 92160K, used 53609K [0x0000000700000000, 0x0000000800000000)
  region size 2048K, 5 young (10240K), 2 survivors (4096K)
 Metaspace       used 76660K, committed 78336K, reserved 1179648K
  class space    used 10374K, committed 11200K, reserved 1048576K
GC Heap History (20 events):
Event: 9.645 GC heap before
{Heap before GC invocations=6 (full 0):
 garbage-first heap   total 88064K, used 62682K [0x0000000700000000, 0x0000000800000000)
  region size 2048K, 25 young (51200K), 6 survivors (12288K)
 Metaspace       used 34566K, committed 35392K, reserved 1114112K
  class space    used 4598K, committed 4992K, reserved 1048576K
}
Event: 9.654 GC heap after
{Heap after GC invocations=7 (full 0):
 garbage-first heap   total 88064K, used 26188K [0x0000000700000000, 0x0000000800000000)
  region size 2048K, 4 young (8192K), 4 survivors (8192K)
 Metaspace       used 34566K, committed 35392K, reserved 1114112K
  class space    used 4598K, committed 4992K, reserved 1048576K
}
Event: 9.865 GC heap before
{Heap before GC invocations=7 (full 0):
 garbage-first heap   total 88064K, used 30284K [0x0000000700000000, 0x0000000800000000)
  region size 2048K, 8 young (16384K), 4 survivors (8192K)
 Metaspace       used 35264K, committed 36096K, reserved 1114112K
  class space    used 4715K, committed 5120K, reserved 1048576K
}
Event: 9.872 GC heap after
{Heap after GC invocations=8 (full 0):
 garbage-first heap   total 88064K, used 26691K [0x0000000700000000, 0x0000000800000000)
  region size 2048K, 2 young (4096K), 2 survivors (4096K)
 Metaspace       used 35264K, committed 36096K, reserved 1114112K
  class space    used 4715K, committed 5120K, reserved 1048576K
}
Event: 11.112 GC heap before
{Heap before GC invocations=9 (full 0):
 garbage-first heap   total 88064K, used 71747K [0x0000000700000000, 0x0000000800000000)
  region size 2048K, 24 young (49152K), 2 survivors (4096K)
 Metaspace       used 41775K, committed 43008K, reserved 1114112K
  class space    used 5671K, committed 6272K, reserved 1048576K
}
Event: 11.117 GC heap after
{Heap after GC invocations=10 (full 0):
 garbage-first heap   total 88064K, used 29402K [0x0000000700000000, 0x0000000800000000)
  region size 2048K, 3 young (6144K), 3 survivors (6144K)
 Metaspace       used 41775K, committed 43008K, reserved 1114112K
  class space    used 5671K, committed 6272K, reserved 1048576K
}
Event: 12.553 GC heap before
{Heap before GC invocations=10 (full 0):
 garbage-first heap   total 88064K, used 72410K [0x0000000700000000, 0x0000000800000000)
  region size 2048K, 25 young (51200K), 3 survivors (6144K)
 Metaspace       used 47662K, committed 48832K, reserved 1114112K
  class space    used 6401K, committed 6976K, reserved 1048576K
}
Event: 12.564 GC heap after
{Heap after GC invocations=11 (full 0):
 garbage-first heap   total 88064K, used 34523K [0x0000000700000000, 0x0000000800000000)
  region size 2048K, 4 young (8192K), 4 survivors (8192K)
 Metaspace       used 47662K, committed 48832K, reserved 1114112K
  class space    used 6401K, committed 6976K, reserved 1048576K
}
Event: 13.643 GC heap before
{Heap before GC invocations=11 (full 0):
 garbage-first heap   total 88064K, used 75483K [0x0000000700000000, 0x0000000800000000)
  region size 2048K, 23 young (47104K), 4 survivors (8192K)
 Metaspace       used 51158K, committed 52544K, reserved 1114112K
  class space    used 6822K, committed 7488K, reserved 1048576K
}
Event: 13.652 GC heap after
{Heap after GC invocations=12 (full 0):
 garbage-first heap   total 92160K, used 38190K [0x0000000700000000, 0x0000000800000000)
  region size 2048K, 3 young (6144K), 3 survivors (6144K)
 Metaspace       used 51158K, committed 52544K, reserved 1114112K
  class space    used 6822K, committed 7488K, reserved 1048576K
}
Event: 14.985 GC heap before
{Heap before GC invocations=12 (full 0):
 garbage-first heap   total 92160K, used 77102K [0x0000000700000000, 0x0000000800000000)
  region size 2048K, 22 young (45056K), 3 survivors (6144K)
 Metaspace       used 56535K, committed 58112K, reserved 1114112K
  class space    used 7668K, committed 8448K, reserved 1048576K
}
Event: 14.993 GC heap after
{Heap after GC invocations=13 (full 0):
 garbage-first heap   total 92160K, used 40417K [0x0000000700000000, 0x0000000800000000)
  region size 2048K, 2 young (4096K), 2 survivors (4096K)
 Metaspace       used 56535K, committed 58112K, reserved 1114112K
  class space    used 7668K, committed 8448K, reserved 1048576K
}
Event: 15.686 GC heap before
{Heap before GC invocations=13 (full 0):
 garbage-first heap   total 92160K, used 54753K [0x0000000700000000, 0x0000000800000000)
  region size 2048K, 11 young (22528K), 2 survivors (4096K)
 Metaspace       used 58862K, committed 60416K, reserved 1114112K
  class space    used 7988K, committed 8768K, reserved 1048576K
}
Event: 15.690 GC heap after
{Heap after GC invocations=14 (full 0):
 garbage-first heap   total 92160K, used 41518K [0x0000000700000000, 0x0000000800000000)
  region size 2048K, 2 young (4096K), 2 survivors (4096K)
 Metaspace       used 58862K, committed 60416K, reserved 1114112K
  class space    used 7988K, committed 8768K, reserved 1048576K
}
Event: 16.782 GC heap before
{Heap before GC invocations=15 (full 0):
 garbage-first heap   total 92160K, used 80430K [0x0000000700000000, 0x0000000800000000)
  region size 2048K, 21 young (43008K), 2 survivors (4096K)
 Metaspace       used 63109K, committed 64704K, reserved 1114112K
  class space    used 8626K, committed 9408K, reserved 1048576K
}
Event: 16.788 GC heap after
{Heap after GC invocations=16 (full 0):
 garbage-first heap   total 92160K, used 42924K [0x0000000700000000, 0x0000000800000000)
  region size 2048K, 2 young (4096K), 2 survivors (4096K)
 Metaspace       used 63109K, committed 64704K, reserved 1114112K
  class space    used 8626K, committed 9408K, reserved 1048576K
}
Event: 18.614 GC heap before
{Heap before GC invocations=16 (full 0):
 garbage-first heap   total 92160K, used 79788K [0x0000000700000000, 0x0000000800000000)
  region size 2048K, 20 young (40960K), 2 survivors (4096K)
 Metaspace       used 69524K, committed 71168K, reserved 1114112K
  class space    used 9394K, committed 10176K, reserved 1048576K
}
Event: 18.629 GC heap after
{Heap after GC invocations=17 (full 0):
 garbage-first heap   total 92160K, used 46173K [0x0000000700000000, 0x0000000800000000)
  region size 2048K, 3 young (6144K), 3 survivors (6144K)
 Metaspace       used 69524K, committed 71168K, reserved 1114112K
  class space    used 9394K, committed 10176K, reserved 1048576K
}
Event: 21.323 GC heap before
{Heap before GC invocations=17 (full 0):
 garbage-first heap   total 92160K, used 78941K [0x0000000700000000, 0x0000000800000000)
  region size 2048K, 19 young (38912K), 3 survivors (6144K)
 Metaspace       used 76151K, committed 77824K, reserved 1179648K
  class space    used 10310K, committed 11136K, reserved 1048576K
}
Event: 21.331 GC heap after
{Heap after GC invocations=18 (full 0):
 garbage-first heap   total 92160K, used 49513K [0x0000000700000000, 0x0000000800000000)
  region size 2048K, 2 young (4096K), 2 survivors (4096K)
 Metaspace       used 76151K, committed 77824K, reserved 1179648K
  class space    used 10310K, committed 11136K, reserved 1048576K
}

