# JRE version: OpenJDK Runtime Environment Temurin-21.0.6+7 (21.0.6+7) (build 21.0.6+7-LTS)
# Java VM: OpenJDK 64-Bit Server VM Temurin-21.0.6+7 (21.0.6+7-LTS, mixed mode, sharing, tiered, compressed oops, compressed class ptrs, parallel gc, windows-amd64)
GC Precious Log:
 CardTable entry size: 512
 CPUs: 12 total, 12 available
 Memory: 16309M
 Large Page Support: Disabled
 NUMA Support: Disabled
 Compressed Oops: Enabled (32-bit)
 Alignments: Space 512K, Generation 512K, Heap 2M
 Heap Min Capacity: 100M
 Heap Initial Capacity: 100M
 Heap Max Capacity: 1G
 Pre-touch: Disabled
 Parallel Workers: 10
Heap:
 PSYoungGen      total 7168K, used 7073K [0x00000000eab00000, 0x00000000eb380000, 0x0000000100000000)
  eden space 6144K, 100% used [0x00000000eab00000,0x00000000eb100000,0x00000000eb100000)
  from space 1024K, 90% used [0x00000000eb280000,0x00000000eb368738,0x00000000eb380000)
  to   space 1024K, 97% used [0x00000000eb180000,0x00000000eb278530,0x00000000eb280000)
 ParOldGen       total 222720K, used 222296K [0x00000000c0000000, 0x00000000cd980000, 0x00000000eab00000)
  object space 222720K, 99% used [0x00000000c0000000,0x00000000cd916060,0x00000000cd980000)
 Metaspace       used 66881K, committed 68288K, reserved 1114112K
  class space    used 8194K, committed 8768K, reserved 1048576K
GC Heap History (20 events):
Event: 18.813 GC heap after
{Heap after GC invocations=159 (full 3):
 PSYoungGen      total 5120K, used 512K [0x00000000eab00000, 0x00000000eb100000, 0x0000000100000000)
  eden space 4096K, 0% used [0x00000000eab00000,0x00000000eab00000,0x00000000eaf00000)
  from space 1024K, 50% used [0x00000000eb000000,0x00000000eb080000,0x00000000eb100000)
  to   space 1024K, 0% used [0x00000000eaf00000,0x00000000eaf00000,0x00000000eb000000)
 ParOldGen       total 216064K, used 215894K [0x00000000c0000000, 0x00000000cd300000, 0x00000000eab00000)
  object space 216064K, 99% used [0x00000000c0000000,0x00000000cd2d5a30,0x00000000cd300000)
 Metaspace       used 66859K, committed 68288K, reserved 1114112K
  class space    used 8194K, committed 8768K, reserved 1048576K
}
Event: 18.818 GC heap before
{Heap before GC invocations=160 (full 3):
 PSYoungGen      total 5120K, used 4608K [0x00000000eab00000, 0x00000000eb100000, 0x0000000100000000)
  eden space 4096K, 100% used [0x00000000eab00000,0x00000000eaf00000,0x00000000eaf00000)
  from space 1024K, 50% used [0x00000000eb000000,0x00000000eb080000,0x00000000eb100000)
  to   space 1024K, 0% used [0x00000000eaf00000,0x00000000eaf00000,0x00000000eb000000)
 ParOldGen       total 216064K, used 215894K [0x00000000c0000000, 0x00000000cd300000, 0x00000000eab00000)
  object space 216064K, 99% used [0x00000000c0000000,0x00000000cd2d5a30,0x00000000cd300000)
 Metaspace       used 66859K, committed 68288K, reserved 1114112K
  class space    used 8194K, committed 8768K, reserved 1048576K
}
Event: 18.820 GC heap after
{Heap after GC invocations=160 (full 3):
 PSYoungGen      total 5120K, used 608K [0x00000000eab00000, 0x00000000eb200000, 0x0000000100000000)
  eden space 4096K, 0% used [0x00000000eab00000,0x00000000eab00000,0x00000000eaf00000)
  from space 1024K, 59% used [0x00000000eaf00000,0x00000000eaf98000,0x00000000eb000000)
  to   space 1024K, 0% used [0x00000000eb100000,0x00000000eb100000,0x00000000eb200000)
 ParOldGen       total 216576K, used 216283K [0x00000000c0000000, 0x00000000cd380000, 0x00000000eab00000)
  object space 216576K, 99% used [0x00000000c0000000,0x00000000cd336d30,0x00000000cd380000)
 Metaspace       used 66859K, committed 68288K, reserved 1114112K
  class space    used 8194K, committed 8768K, reserved 1048576K
}
Event: 18.826 GC heap before
{Heap before GC invocations=161 (full 3):
 PSYoungGen      total 5120K, used 4704K [0x00000000eab00000, 0x00000000eb200000, 0x0000000100000000)
  eden space 4096K, 100% used [0x00000000eab00000,0x00000000eaf00000,0x00000000eaf00000)
  from space 1024K, 59% used [0x00000000eaf00000,0x00000000eaf98000,0x00000000eb000000)
  to   space 1024K, 0% used [0x00000000eb100000,0x00000000eb100000,0x00000000eb200000)
 ParOldGen       total 216576K, used 216283K [0x00000000c0000000, 0x00000000cd380000, 0x00000000eab00000)
  object space 216576K, 99% used [0x00000000c0000000,0x00000000cd336d30,0x00000000cd380000)
 Metaspace       used 66859K, committed 68288K, reserved 1114112K
  class space    used 8194K, committed 8768K, reserved 1048576K
}
Event: 18.827 GC heap after
{Heap after GC invocations=161 (full 3):
 PSYoungGen      total 6144K, used 848K [0x00000000eab00000, 0x00000000eb200000, 0x0000000100000000)
  eden space 5120K, 0% used [0x00000000eab00000,0x00000000eab00000,0x00000000eb000000)
  from space 1024K, 82% used [0x00000000eb100000,0x00000000eb1d4280,0x00000000eb200000)
  to   space 1024K, 0% used [0x00000000eb000000,0x00000000eb000000,0x00000000eb100000)
 ParOldGen       total 217088K, used 216780K [0x00000000c0000000, 0x00000000cd400000, 0x00000000eab00000)
  object space 217088K, 99% used [0x00000000c0000000,0x00000000cd3b3198,0x00000000cd400000)
 Metaspace       used 66859K, committed 68288K, reserved 1114112K
  class space    used 8194K, committed 8768K, reserved 1048576K
}
Event: 18.834 GC heap before
{Heap before GC invocations=162 (full 3):
 PSYoungGen      total 6144K, used 5968K [0x00000000eab00000, 0x00000000eb200000, 0x0000000100000000)
  eden space 5120K, 100% used [0x00000000eab00000,0x00000000eb000000,0x00000000eb000000)
  from space 1024K, 82% used [0x00000000eb100000,0x00000000eb1d4280,0x00000000eb200000)
  to   space 1024K, 0% used [0x00000000eb000000,0x00000000eb000000,0x00000000eb100000)
 ParOldGen       total 217088K, used 216780K [0x00000000c0000000, 0x00000000cd400000, 0x00000000eab00000)
  object space 217088K, 99% used [0x00000000c0000000,0x00000000cd3b3198,0x00000000cd400000)
 Metaspace       used 66862K, committed 68288K, reserved 1114112K
  class space    used 8194K, committed 8768K, reserved 1048576K
}
Event: 18.837 GC heap after
{Heap after GC invocations=162 (full 3):
 PSYoungGen      total 6144K, used 1022K [0x00000000eab00000, 0x00000000eb500000, 0x0000000100000000)
  eden space 5120K, 0% used [0x00000000eab00000,0x00000000eab00000,0x00000000eb000000)
  from space 1024K, 99% used [0x00000000eb000000,0x00000000eb0ff810,0x00000000eb100000)
  to   space 2048K, 0% used [0x00000000eb300000,0x00000000eb300000,0x00000000eb500000)
 ParOldGen       total 217600K, used 217513K [0x00000000c0000000, 0x00000000cd480000, 0x00000000eab00000)
  object space 217600K, 99% used [0x00000000c0000000,0x00000000cd46a770,0x00000000cd480000)
 Metaspace       used 66862K, committed 68288K, reserved 1114112K
  class space    used 8194K, committed 8768K, reserved 1048576K
}
Event: 18.846 GC heap before
{Heap before GC invocations=163 (full 3):
 PSYoungGen      total 6144K, used 6142K [0x00000000eab00000, 0x00000000eb500000, 0x0000000100000000)
  eden space 5120K, 99% used [0x00000000eab00000,0x00000000eafffff0,0x00000000eb000000)
  from space 1024K, 99% used [0x00000000eb000000,0x00000000eb0ff810,0x00000000eb100000)
  to   space 2048K, 0% used [0x00000000eb300000,0x00000000eb300000,0x00000000eb500000)
 ParOldGen       total 217600K, used 217513K [0x00000000c0000000, 0x00000000cd480000, 0x00000000eab00000)
  object space 217600K, 99% used [0x00000000c0000000,0x00000000cd46a770,0x00000000cd480000)
 Metaspace       used 66863K, committed 68288K, reserved 1114112K
  class space    used 8194K, committed 8768K, reserved 1048576K
}
Event: 18.849 GC heap after
{Heap after GC invocations=163 (full 3):
 PSYoungGen      total 7168K, used 896K [0x00000000eab00000, 0x00000000eb400000, 0x0000000100000000)
  eden space 6144K, 0% used [0x00000000eab00000,0x00000000eab00000,0x00000000eb100000)
  from space 1024K, 87% used [0x00000000eb300000,0x00000000eb3e0000,0x00000000eb400000)
  to   space 1536K, 0% used [0x00000000eb100000,0x00000000eb100000,0x00000000eb280000)
 ParOldGen       total 218624K, used 218333K [0x00000000c0000000, 0x00000000cd580000, 0x00000000eab00000)
  object space 218624K, 99% used [0x00000000c0000000,0x00000000cd537410,0x00000000cd580000)
 Metaspace       used 66863K, committed 68288K, reserved 1114112K
  class space    used 8194K, committed 8768K, reserved 1048576K
}
Event: 18.860 GC heap before
{Heap before GC invocations=164 (full 3):
 PSYoungGen      total 7168K, used 7040K [0x00000000eab00000, 0x00000000eb400000, 0x0000000100000000)
  eden space 6144K, 100% used [0x00000000eab00000,0x00000000eb100000,0x00000000eb100000)
  from space 1024K, 87% used [0x00000000eb300000,0x00000000eb3e0000,0x00000000eb400000)
  to   space 1536K, 0% used [0x00000000eb100000,0x00000000eb100000,0x00000000eb280000)
 ParOldGen       total 218624K, used 218333K [0x00000000c0000000, 0x00000000cd580000, 0x00000000eab00000)
  object space 218624K, 99% used [0x00000000c0000000,0x00000000cd537410,0x00000000cd580000)
 Metaspace       used 66867K, committed 68288K, reserved 1114112K
  class space    used 8194K, committed 8768K, reserved 1048576K
}
Event: 18.862 GC heap after
{Heap after GC invocations=164 (full 3):
 PSYoungGen      total 7680K, used 1068K [0x00000000eab00000, 0x00000000eb400000, 0x0000000100000000)
  eden space 6144K, 0% used [0x00000000eab00000,0x00000000eab00000,0x00000000eb100000)
  from space 1536K, 69% used [0x00000000eb100000,0x00000000eb20b248,0x00000000eb280000)
  to   space 1536K, 0% used [0x00000000eb280000,0x00000000eb280000,0x00000000eb400000)
 ParOldGen       total 219136K, used 219073K [0x00000000c0000000, 0x00000000cd600000, 0x00000000eab00000)
  object space 219136K, 99% used [0x00000000c0000000,0x00000000cd5f0708,0x00000000cd600000)
 Metaspace       used 66867K, committed 68288K, reserved 1114112K
  class space    used 8194K, committed 8768K, reserved 1048576K
}
Event: 18.875 GC heap before
{Heap before GC invocations=165 (full 3):
 PSYoungGen      total 7680K, used 7212K [0x00000000eab00000, 0x00000000eb400000, 0x0000000100000000)
  eden space 6144K, 100% used [0x00000000eab00000,0x00000000eb100000,0x00000000eb100000)
  from space 1536K, 69% used [0x00000000eb100000,0x00000000eb20b248,0x00000000eb280000)
  to   space 1536K, 0% used [0x00000000eb280000,0x00000000eb280000,0x00000000eb400000)
 ParOldGen       total 219136K, used 219073K [0x00000000c0000000, 0x00000000cd600000, 0x00000000eab00000)
  object space 219136K, 99% used [0x00000000c0000000,0x00000000cd5f0708,0x00000000cd600000)
 Metaspace       used 66867K, committed 68288K, reserved 1114112K
  class space    used 8194K, committed 8768K, reserved 1048576K
}
Event: 18.877 GC heap after
{Heap after GC invocations=165 (full 3):
 PSYoungGen      total 7680K, used 1068K [0x00000000eab00000, 0x00000000eb400000, 0x0000000100000000)
  eden space 6144K, 0% used [0x00000000eab00000,0x00000000eab00000,0x00000000eb100000)
  from space 1536K, 69% used [0x00000000eb280000,0x00000000eb38b288,0x00000000eb400000)
  to   space 1536K, 0% used [0x00000000eb100000,0x00000000eb100000,0x00000000eb280000)
 ParOldGen       total 220160K, used 219943K [0x00000000c0000000, 0x00000000cd700000, 0x00000000eab00000)
  object space 220160K, 99% used [0x00000000c0000000,0x00000000cd6c9d30,0x00000000cd700000)
 Metaspace       used 66867K, committed 68288K, reserved 1114112K
  class space    used 8194K, committed 8768K, reserved 1048576K
}
Event: 18.893 GC heap before
{Heap before GC invocations=166 (full 3):
 PSYoungGen      total 7680K, used 7207K [0x00000000eab00000, 0x00000000eb400000, 0x0000000100000000)
  eden space 6144K, 99% used [0x00000000eab00000,0x00000000eb0febb0,0x00000000eb100000)
  from space 1536K, 69% used [0x00000000eb280000,0x00000000eb38b288,0x00000000eb400000)
  to   space 1536K, 0% used [0x00000000eb100000,0x00000000eb100000,0x00000000eb280000)
 ParOldGen       total 220160K, used 219943K [0x00000000c0000000, 0x00000000cd700000, 0x00000000eab00000)
  object space 220160K, 99% used [0x00000000c0000000,0x00000000cd6c9d30,0x00000000cd700000)
 Metaspace       used 66878K, committed 68288K, reserved 1114112K
  class space    used 8194K, committed 8768K, reserved 1048576K
}
Event: 18.895 GC heap after
{Heap after GC invocations=166 (full 3):
 PSYoungGen      total 7680K, used 1097K [0x00000000eab00000, 0x00000000eb400000, 0x0000000100000000)
  eden space 6144K, 0% used [0x00000000eab00000,0x00000000eab00000,0x00000000eb100000)
  from space 1536K, 71% used [0x00000000eb100000,0x00000000eb212698,0x00000000eb280000)
  to   space 1536K, 0% used [0x00000000eb280000,0x00000000eb280000,0x00000000eb400000)
 ParOldGen       total 221184K, used 220802K [0x00000000c0000000, 0x00000000cd800000, 0x00000000eab00000)
  object space 221184K, 99% used [0x00000000c0000000,0x00000000cd7a0930,0x00000000cd800000)
 Metaspace       used 66878K, committed 68288K, reserved 1114112K
  class space    used 8194K, committed 8768K, reserved 1048576K
}
Event: 18.916 GC heap before
{Heap before GC invocations=167 (full 3):
 PSYoungGen      total 7680K, used 7241K [0x00000000eab00000, 0x00000000eb400000, 0x0000000100000000)
  eden space 6144K, 100% used [0x00000000eab00000,0x00000000eb100000,0x00000000eb100000)
  from space 1536K, 71% used [0x00000000eb100000,0x00000000eb212698,0x00000000eb280000)
  to   space 1536K, 0% used [0x00000000eb280000,0x00000000eb280000,0x00000000eb400000)
 ParOldGen       total 221184K, used 220802K [0x00000000c0000000, 0x00000000cd800000, 0x00000000eab00000)
  object space 221184K, 99% used [0x00000000c0000000,0x00000000cd7a0930,0x00000000cd800000)
 Metaspace       used 66878K, committed 68288K, reserved 1114112K
  class space    used 8194K, committed 8768K, reserved 1048576K
}
Event: 18.919 GC heap after
{Heap after GC invocations=167 (full 3):
 PSYoungGen      total 7168K, used 929K [0x00000000eab00000, 0x00000000eb380000, 0x0000000100000000)
  eden space 6144K, 0% used [0x00000000eab00000,0x00000000eab00000,0x00000000eb100000)
  from space 1024K, 90% used [0x00000000eb280000,0x00000000eb368738,0x00000000eb380000)
  to   space 1024K, 0% used [0x00000000eb180000,0x00000000eb180000,0x00000000eb280000)
 ParOldGen       total 221696K, used 221660K [0x00000000c0000000, 0x00000000cd880000, 0x00000000eab00000)
  object space 221696K, 99% used [0x00000000c0000000,0x00000000cd877320,0x00000000cd880000)
 Metaspace       used 66878K, committed 68288K, reserved 1114112K
  class space    used 8194K, committed 8768K, reserved 1048576K
}
Event: 18.937 GC heap before
{Heap before GC invocations=168 (full 3):
 PSYoungGen      total 7168K, used 7073K [0x00000000eab00000, 0x00000000eb380000, 0x0000000100000000)
  eden space 6144K, 100% used [0x00000000eab00000,0x00000000eb100000,0x00000000eb100000)
  from space 1024K, 90% used [0x00000000eb280000,0x00000000eb368738,0x00000000eb380000)
  to   space 1024K, 0% used [0x00000000eb180000,0x00000000eb180000,0x00000000eb280000)
 ParOldGen       total 221696K, used 221660K [0x00000000c0000000, 0x00000000cd880000, 0x00000000eab00000)
  object space 221696K, 99% used [0x00000000c0000000,0x00000000cd877320,0x00000000cd880000)
 Metaspace       used 66881K, committed 68288K, reserved 1114112K
  class space    used 8194K, committed 8768K, reserved 1048576K
}
Event: 18.941 GC heap after
{Heap after GC invocations=168 (full 3):
 PSYoungGen      total 7168K, used 7073K [0x00000000eab00000, 0x00000000eb380000, 0x0000000100000000)
  eden space 6144K, 100% used [0x00000000eab00000,0x00000000eb100000,0x00000000eb100000)
  from space 1024K, 90% used [0x00000000eb280000,0x00000000eb368738,0x00000000eb380000)
  to   space 1024K, 97% used [0x00000000eb180000,0x00000000eb278530,0x00000000eb280000)
 ParOldGen       total 222720K, used 222296K [0x00000000c0000000, 0x00000000cd980000, 0x00000000eab00000)
  object space 222720K, 99% used [0x00000000c0000000,0x00000000cd916060,0x00000000cd980000)
 Metaspace       used 66881K, committed 68288K, reserved 1114112K
  class space    used 8194K, committed 8768K, reserved 1048576K
}
Event: 18.941 GC heap before
{Heap before GC invocations=169 (full 4):
 PSYoungGen      total 7168K, used 7073K [0x00000000eab00000, 0x00000000eb380000, 0x0000000100000000)
  eden space 6144K, 100% used [0x00000000eab00000,0x00000000eb100000,0x00000000eb100000)
  from space 1024K, 90% used [0x00000000eb280000,0x00000000eb368738,0x00000000eb380000)
  to   space 1024K, 97% used [0x00000000eb180000,0x00000000eb278530,0x00000000eb280000)
 ParOldGen       total 222720K, used 222296K [0x00000000c0000000, 0x00000000cd980000, 0x00000000eab00000)
  object space 222720K, 99% used [0x00000000c0000000,0x00000000cd916060,0x00000000cd980000)
 Metaspace       used 66881K, committed 68288K, reserved 1114112K
  class space    used 8194K, committed 8768K, reserved 1048576K
}

