# JRE version: OpenJDK Runtime Environment Temurin-21.0.6+7 (21.0.6+7) (build 21.0.6+7-LTS)
# Java VM: OpenJDK 64-Bit Server VM Temurin-21.0.6+7 (21.0.6+7-LTS, mixed mode, sharing, tiered, compressed oops, compressed class ptrs, parallel gc, windows-amd64)
GC Precious Log:
 CardTable entry size: 512
 CPUs: 12 total, 12 available
 Memory: 16309M
 Large Page Support: Disabled
 NUMA Support: Disabled
 Compressed Oops: Enabled (32-bit)
 Alignments: Space 512K, Generation 512K, Heap 2M
 Heap Min Capacity: 100M
 Heap Initial Capacity: 100M
 Heap Max Capacity: 1G
 Pre-touch: Disabled
 Parallel Workers: 10
Heap:
 PSYoungGen      total 5120K, used 1461K [0x00000000eab00000, 0x00000000eb080000, 0x0000000100000000)
  eden space 4096K, 29% used [0x00000000eab00000,0x00000000eac2d4b8,0x00000000eaf00000)
  from space 1024K, 25% used [0x00000000eaf00000,0x00000000eaf40000,0x00000000eb000000)
  to   space 512K, 0% used [0x00000000eb000000,0x00000000eb000000,0x00000000eb080000)
 ParOldGen       total 548864K, used 548560K [0x00000000c0000000, 0x00000000e1800000, 0x00000000eab00000)
  object space 548864K, 99% used [0x00000000c0000000,0x00000000e17b4250,0x00000000e1800000)
 Metaspace       used 85529K, committed 87296K, reserved 1179648K
  class space    used 10194K, committed 11008K, reserved 1048576K
GC Heap History (20 events):
Event: 1223.122 GC heap after
{Heap after GC invocations=549 (full 3):
 PSYoungGen      total 4608K, used 282K [0x00000000eab00000, 0x00000000eb100000, 0x0000000100000000)
  eden space 4096K, 0% used [0x00000000eab00000,0x00000000eab00000,0x00000000eaf00000)
  from space 512K, 55% used [0x00000000eb080000,0x00000000eb0c6b90,0x00000000eb100000)
  to   space 512K, 0% used [0x00000000eb000000,0x00000000eb000000,0x00000000eb080000)
 ParOldGen       total 546304K, used 546046K [0x00000000c0000000, 0x00000000e1580000, 0x00000000eab00000)
  object space 546304K, 99% used [0x00000000c0000000,0x00000000e153fba8,0x00000000e1580000)
 Metaspace       used 85490K, committed 87296K, reserved 1179648K
  class space    used 10188K, committed 11008K, reserved 1048576K
}
Event: 1223.156 GC heap before
{Heap before GC invocations=550 (full 3):
 PSYoungGen      total 4608K, used 4378K [0x00000000eab00000, 0x00000000eb100000, 0x0000000100000000)
  eden space 4096K, 100% used [0x00000000eab00000,0x00000000eaf00000,0x00000000eaf00000)
  from space 512K, 55% used [0x00000000eb080000,0x00000000eb0c6b90,0x00000000eb100000)
  to   space 512K, 0% used [0x00000000eb000000,0x00000000eb000000,0x00000000eb080000)
 ParOldGen       total 546304K, used 546046K [0x00000000c0000000, 0x00000000e1580000, 0x00000000eab00000)
  object space 546304K, 99% used [0x00000000c0000000,0x00000000e153fba8,0x00000000e1580000)
 Metaspace       used 85490K, committed 87296K, reserved 1179648K
  class space    used 10188K, committed 11008K, reserved 1048576K
}
Event: 1223.159 GC heap after
{Heap after GC invocations=550 (full 3):
 PSYoungGen      total 4608K, used 504K [0x00000000eab00000, 0x00000000eb100000, 0x0000000100000000)
  eden space 4096K, 0% used [0x00000000eab00000,0x00000000eab00000,0x00000000eaf00000)
  from space 512K, 98% used [0x00000000eb000000,0x00000000eb07e1c0,0x00000000eb080000)
  to   space 512K, 0% used [0x00000000eb080000,0x00000000eb080000,0x00000000eb100000)
 ParOldGen       total 546816K, used 546307K [0x00000000c0000000, 0x00000000e1600000, 0x00000000eab00000)
  object space 546816K, 99% used [0x00000000c0000000,0x00000000e1580c90,0x00000000e1600000)
 Metaspace       used 85490K, committed 87296K, reserved 1179648K
  class space    used 10188K, committed 11008K, reserved 1048576K
}
Event: 1223.190 GC heap before
{Heap before GC invocations=551 (full 3):
 PSYoungGen      total 4608K, used 4600K [0x00000000eab00000, 0x00000000eb100000, 0x0000000100000000)
  eden space 4096K, 100% used [0x00000000eab00000,0x00000000eaf00000,0x00000000eaf00000)
  from space 512K, 98% used [0x00000000eb000000,0x00000000eb07e1c0,0x00000000eb080000)
  to   space 512K, 0% used [0x00000000eb080000,0x00000000eb080000,0x00000000eb100000)
 ParOldGen       total 546816K, used 546307K [0x00000000c0000000, 0x00000000e1600000, 0x00000000eab00000)
  object space 546816K, 99% used [0x00000000c0000000,0x00000000e1580c90,0x00000000e1600000)
 Metaspace       used 85490K, committed 87296K, reserved 1179648K
  class space    used 10188K, committed 11008K, reserved 1048576K
}
Event: 1223.192 GC heap after
{Heap after GC invocations=551 (full 3):
 PSYoungGen      total 4608K, used 492K [0x00000000eab00000, 0x00000000eb200000, 0x0000000100000000)
  eden space 4096K, 0% used [0x00000000eab00000,0x00000000eab00000,0x00000000eaf00000)
  from space 512K, 96% used [0x00000000eb080000,0x00000000eb0fb010,0x00000000eb100000)
  to   space 1536K, 0% used [0x00000000eaf00000,0x00000000eaf00000,0x00000000eb080000)
 ParOldGen       total 547328K, used 546860K [0x00000000c0000000, 0x00000000e1680000, 0x00000000eab00000)
  object space 547328K, 99% used [0x00000000c0000000,0x00000000e160b210,0x00000000e1680000)
 Metaspace       used 85490K, committed 87296K, reserved 1179648K
  class space    used 10188K, committed 11008K, reserved 1048576K
}
Event: 1223.219 GC heap before
{Heap before GC invocations=552 (full 3):
 PSYoungGen      total 4608K, used 4588K [0x00000000eab00000, 0x00000000eb200000, 0x0000000100000000)
  eden space 4096K, 100% used [0x00000000eab00000,0x00000000eaf00000,0x00000000eaf00000)
  from space 512K, 96% used [0x00000000eb080000,0x00000000eb0fb010,0x00000000eb100000)
  to   space 1536K, 0% used [0x00000000eaf00000,0x00000000eaf00000,0x00000000eb080000)
 ParOldGen       total 547328K, used 546860K [0x00000000c0000000, 0x00000000e1680000, 0x00000000eab00000)
  object space 547328K, 99% used [0x00000000c0000000,0x00000000e160b210,0x00000000e1680000)
 Metaspace       used 85490K, committed 87296K, reserved 1179648K
  class space    used 10188K, committed 11008K, reserved 1048576K
}
Event: 1223.221 GC heap after
{Heap after GC invocations=552 (full 3):
 PSYoungGen      total 4608K, used 390K [0x00000000eab00000, 0x00000000eb100000, 0x0000000100000000)
  eden space 4096K, 0% used [0x00000000eab00000,0x00000000eab00000,0x00000000eaf00000)
  from space 512K, 76% used [0x00000000eaf00000,0x00000000eaf61a00,0x00000000eaf80000)
  to   space 1024K, 0% used [0x00000000eb000000,0x00000000eb000000,0x00000000eb100000)
 ParOldGen       total 547328K, used 547127K [0x00000000c0000000, 0x00000000e1680000, 0x00000000eab00000)
  object space 547328K, 99% used [0x00000000c0000000,0x00000000e164dd60,0x00000000e1680000)
 Metaspace       used 85490K, committed 87296K, reserved 1179648K
  class space    used 10188K, committed 11008K, reserved 1048576K
}
Event: 1223.250 GC heap before
{Heap before GC invocations=553 (full 3):
 PSYoungGen      total 4608K, used 4486K [0x00000000eab00000, 0x00000000eb100000, 0x0000000100000000)
  eden space 4096K, 100% used [0x00000000eab00000,0x00000000eaf00000,0x00000000eaf00000)
  from space 512K, 76% used [0x00000000eaf00000,0x00000000eaf61a00,0x00000000eaf80000)
  to   space 1024K, 0% used [0x00000000eb000000,0x00000000eb000000,0x00000000eb100000)
 ParOldGen       total 547328K, used 547127K [0x00000000c0000000, 0x00000000e1680000, 0x00000000eab00000)
  object space 547328K, 99% used [0x00000000c0000000,0x00000000e164dd60,0x00000000e1680000)
 Metaspace       used 85490K, committed 87296K, reserved 1179648K
  class space    used 10188K, committed 11008K, reserved 1048576K
}
Event: 1223.253 GC heap after
{Heap after GC invocations=553 (full 3):
 PSYoungGen      total 4608K, used 344K [0x00000000eab00000, 0x00000000eb080000, 0x0000000100000000)
  eden space 4096K, 0% used [0x00000000eab00000,0x00000000eab00000,0x00000000eaf00000)
  from space 512K, 67% used [0x00000000eb000000,0x00000000eb0562b8,0x00000000eb080000)
  to   space 512K, 0% used [0x00000000eaf00000,0x00000000eaf00000,0x00000000eaf80000)
 ParOldGen       total 547328K, used 547191K [0x00000000c0000000, 0x00000000e1680000, 0x00000000eab00000)
  object space 547328K, 99% used [0x00000000c0000000,0x00000000e165dd60,0x00000000e1680000)
 Metaspace       used 85490K, committed 87296K, reserved 1179648K
  class space    used 10188K, committed 11008K, reserved 1048576K
}
Event: 1223.287 GC heap before
{Heap before GC invocations=554 (full 3):
 PSYoungGen      total 4608K, used 4438K [0x00000000eab00000, 0x00000000eb080000, 0x0000000100000000)
  eden space 4096K, 99% used [0x00000000eab00000,0x00000000eaeff7e0,0x00000000eaf00000)
  from space 512K, 67% used [0x00000000eb000000,0x00000000eb0562b8,0x00000000eb080000)
  to   space 512K, 0% used [0x00000000eaf00000,0x00000000eaf00000,0x00000000eaf80000)
 ParOldGen       total 547328K, used 547191K [0x00000000c0000000, 0x00000000e1680000, 0x00000000eab00000)
  object space 547328K, 99% used [0x00000000c0000000,0x00000000e165dd60,0x00000000e1680000)
 Metaspace       used 85495K, committed 87296K, reserved 1179648K
  class space    used 10189K, committed 11008K, reserved 1048576K
}
Event: 1223.290 GC heap after
{Heap after GC invocations=554 (full 3):
 PSYoungGen      total 4608K, used 362K [0x00000000eab00000, 0x00000000eb080000, 0x0000000100000000)
  eden space 4096K, 0% used [0x00000000eab00000,0x00000000eab00000,0x00000000eaf00000)
  from space 512K, 70% used [0x00000000eaf00000,0x00000000eaf5a970,0x00000000eaf80000)
  to   space 512K, 0% used [0x00000000eb000000,0x00000000eb000000,0x00000000eb080000)
 ParOldGen       total 547328K, used 547303K [0x00000000c0000000, 0x00000000e1680000, 0x00000000eab00000)
  object space 547328K, 99% used [0x00000000c0000000,0x00000000e1679d70,0x00000000e1680000)
 Metaspace       used 85495K, committed 87296K, reserved 1179648K
  class space    used 10189K, committed 11008K, reserved 1048576K
}
Event: 1223.310 GC heap before
{Heap before GC invocations=555 (full 3):
 PSYoungGen      total 4608K, used 4458K [0x00000000eab00000, 0x00000000eb080000, 0x0000000100000000)
  eden space 4096K, 100% used [0x00000000eab00000,0x00000000eaf00000,0x00000000eaf00000)
  from space 512K, 70% used [0x00000000eaf00000,0x00000000eaf5a970,0x00000000eaf80000)
  to   space 512K, 0% used [0x00000000eb000000,0x00000000eb000000,0x00000000eb080000)
 ParOldGen       total 547328K, used 547303K [0x00000000c0000000, 0x00000000e1680000, 0x00000000eab00000)
  object space 547328K, 99% used [0x00000000c0000000,0x00000000e1679d70,0x00000000e1680000)
 Metaspace       used 85495K, committed 87296K, reserved 1179648K
  class space    used 10189K, committed 11008K, reserved 1048576K
}
Event: 1223.314 GC heap after
{Heap after GC invocations=555 (full 3):
 PSYoungGen      total 4608K, used 266K [0x00000000eab00000, 0x00000000eb080000, 0x0000000100000000)
  eden space 4096K, 0% used [0x00000000eab00000,0x00000000eab00000,0x00000000eaf00000)
  from space 512K, 52% used [0x00000000eb000000,0x00000000eb0429a0,0x00000000eb080000)
  to   space 512K, 0% used [0x00000000eaf00000,0x00000000eaf00000,0x00000000eaf80000)
 ParOldGen       total 547840K, used 547437K [0x00000000c0000000, 0x00000000e1700000, 0x00000000eab00000)
  object space 547840K, 99% used [0x00000000c0000000,0x00000000e169b7e0,0x00000000e1700000)
 Metaspace       used 85495K, committed 87296K, reserved 1179648K
  class space    used 10189K, committed 11008K, reserved 1048576K
}
Event: 1223.327 GC heap before
{Heap before GC invocations=556 (full 3):
 PSYoungGen      total 4608K, used 4362K [0x00000000eab00000, 0x00000000eb080000, 0x0000000100000000)
  eden space 4096K, 100% used [0x00000000eab00000,0x00000000eaf00000,0x00000000eaf00000)
  from space 512K, 52% used [0x00000000eb000000,0x00000000eb0429a0,0x00000000eb080000)
  to   space 512K, 0% used [0x00000000eaf00000,0x00000000eaf00000,0x00000000eaf80000)
 ParOldGen       total 547840K, used 547437K [0x00000000c0000000, 0x00000000e1700000, 0x00000000eab00000)
  object space 547840K, 99% used [0x00000000c0000000,0x00000000e169b7e0,0x00000000e1700000)
 Metaspace       used 85495K, committed 87296K, reserved 1179648K
  class space    used 10189K, committed 11008K, reserved 1048576K
}
Event: 1223.330 GC heap after
{Heap after GC invocations=556 (full 3):
 PSYoungGen      total 4608K, used 213K [0x00000000eab00000, 0x00000000eb080000, 0x0000000100000000)
  eden space 4096K, 0% used [0x00000000eab00000,0x00000000eab00000,0x00000000eaf00000)
  from space 512K, 41% used [0x00000000eaf00000,0x00000000eaf356b8,0x00000000eaf80000)
  to   space 512K, 0% used [0x00000000eb000000,0x00000000eb000000,0x00000000eb080000)
 ParOldGen       total 547840K, used 547461K [0x00000000c0000000, 0x00000000e1700000, 0x00000000eab00000)
  object space 547840K, 99% used [0x00000000c0000000,0x00000000e16a17e0,0x00000000e1700000)
 Metaspace       used 85495K, committed 87296K, reserved 1179648K
  class space    used 10189K, committed 11008K, reserved 1048576K
}
Event: 1223.344 GC heap before
{Heap before GC invocations=557 (full 3):
 PSYoungGen      total 4608K, used 4306K [0x00000000eab00000, 0x00000000eb080000, 0x0000000100000000)
  eden space 4096K, 99% used [0x00000000eab00000,0x00000000eaeff150,0x00000000eaf00000)
  from space 512K, 41% used [0x00000000eaf00000,0x00000000eaf356b8,0x00000000eaf80000)
  to   space 512K, 0% used [0x00000000eb000000,0x00000000eb000000,0x00000000eb080000)
 ParOldGen       total 547840K, used 547461K [0x00000000c0000000, 0x00000000e1700000, 0x00000000eab00000)
  object space 547840K, 99% used [0x00000000c0000000,0x00000000e16a17e0,0x00000000e1700000)
 Metaspace       used 85500K, committed 87296K, reserved 1179648K
  class space    used 10190K, committed 11008K, reserved 1048576K
}
Event: 1223.346 GC heap after
{Heap after GC invocations=557 (full 3):
 PSYoungGen      total 4608K, used 510K [0x00000000eab00000, 0x00000000eb100000, 0x0000000100000000)
  eden space 4096K, 0% used [0x00000000eab00000,0x00000000eab00000,0x00000000eaf00000)
  from space 512K, 99% used [0x00000000eb000000,0x00000000eb07f878,0x00000000eb080000)
  to   space 1024K, 0% used [0x00000000eaf00000,0x00000000eaf00000,0x00000000eb000000)
 ParOldGen       total 547840K, used 547652K [0x00000000c0000000, 0x00000000e1700000, 0x00000000eab00000)
  object space 547840K, 99% used [0x00000000c0000000,0x00000000e16d12a0,0x00000000e1700000)
 Metaspace       used 85500K, committed 87296K, reserved 1179648K
  class space    used 10190K, committed 11008K, reserved 1048576K
}
Event: 1223.380 GC heap before
{Heap before GC invocations=558 (full 3):
 PSYoungGen      total 4608K, used 4606K [0x00000000eab00000, 0x00000000eb100000, 0x0000000100000000)
  eden space 4096K, 100% used [0x00000000eab00000,0x00000000eaf00000,0x00000000eaf00000)
  from space 512K, 99% used [0x00000000eb000000,0x00000000eb07f878,0x00000000eb080000)
  to   space 1024K, 0% used [0x00000000eaf00000,0x00000000eaf00000,0x00000000eb000000)
 ParOldGen       total 547840K, used 547652K [0x00000000c0000000, 0x00000000e1700000, 0x00000000eab00000)
  object space 547840K, 99% used [0x00000000c0000000,0x00000000e16d12a0,0x00000000e1700000)
 Metaspace       used 85500K, committed 87296K, reserved 1179648K
  class space    used 10190K, committed 11008K, reserved 1048576K
}
Event: 1223.383 GC heap after
{Heap after GC invocations=558 (full 3):
 PSYoungGen      total 5120K, used 352K [0x00000000eab00000, 0x00000000eb080000, 0x0000000100000000)
  eden space 4096K, 0% used [0x00000000eab00000,0x00000000eab00000,0x00000000eaf00000)
  from space 1024K, 34% used [0x00000000eaf00000,0x00000000eaf58000,0x00000000eb000000)
  to   space 512K, 0% used [0x00000000eb000000,0x00000000eb000000,0x00000000eb080000)
 ParOldGen       total 548352K, used 548111K [0x00000000c0000000, 0x00000000e1780000, 0x00000000eab00000)
  object space 548352K, 99% used [0x00000000c0000000,0x00000000e1743ef0,0x00000000e1780000)
 Metaspace       used 85500K, committed 87296K, reserved 1179648K
  class space    used 10190K, committed 11008K, reserved 1048576K
}
Event: 1223.409 GC heap before
{Heap before GC invocations=559 (full 3):
 PSYoungGen      total 5120K, used 4442K [0x00000000eab00000, 0x00000000eb080000, 0x0000000100000000)
  eden space 4096K, 99% used [0x00000000eab00000,0x00000000eaefebf8,0x00000000eaf00000)
  from space 1024K, 34% used [0x00000000eaf00000,0x00000000eaf58000,0x00000000eb000000)
  to   space 512K, 0% used [0x00000000eb000000,0x00000000eb000000,0x00000000eb080000)
 ParOldGen       total 548352K, used 548111K [0x00000000c0000000, 0x00000000e1780000, 0x00000000eab00000)
  object space 548352K, 99% used [0x00000000c0000000,0x00000000e1743ef0,0x00000000e1780000)
 Metaspace       used 85500K, committed 87296K, reserved 1179648K
  class space    used 10190K, committed 11008K, reserved 1048576K
}

