# JRE version: OpenJDK Runtime Environment Temurin-21.0.6+7 (21.0.6+7) (build 21.0.6+7-LTS)
# Java VM: OpenJDK 64-Bit Server VM Temurin-21.0.6+7 (21.0.6+7-LTS, mixed mode, sharing, tiered, compressed oops, compressed class ptrs, parallel gc, windows-amd64)
GC Precious Log:
 CardTable entry size: 512
 CPUs: 12 total, 12 available
 Memory: 16309M
 Large Page Support: Disabled
 NUMA Support: Disabled
 Compressed Oops: Enabled (32-bit)
 Alignments: Space 512K, Generation 512K, Heap 2M
 Heap Min Capacity: 100M
 Heap Initial Capacity: 100M
 Heap Max Capacity: 1G
 Pre-touch: Disabled
 Parallel Workers: 10
Heap:
 PSYoungGen      total 3584K, used 3088K [0x00000000eab00000, 0x00000000eb080000, 0x0000000100000000)
  eden space 1536K, 100% used [0x00000000eab00000,0x00000000eac80000,0x00000000eac80000)
  from space 2048K, 75% used [0x00000000eac80000,0x00000000eae04000,0x00000000eae80000)
  to   space 2048K, 67% used [0x00000000eae80000,0x00000000eafdc000,0x00000000eb080000)
 ParOldGen       total 420352K, used 420348K [0x00000000c0000000, 0x00000000d9a80000, 0x00000000eab00000)
  object space 420352K, 99% used [0x00000000c0000000,0x00000000d9a7f1b8,0x00000000d9a80000)
 Metaspace       used 73614K, committed 75136K, reserved 1179648K
  class space    used 9170K, committed 9856K, reserved 1048576K
GC Heap History (20 events):
Event: 26.516 GC heap after
{Heap after GC invocations=345 (full 3):
 PSYoungGen      total 3584K, used 1667K [0x00000000eab00000, 0x00000000eb080000, 0x0000000100000000)
  eden space 1536K, 0% used [0x00000000eab00000,0x00000000eab00000,0x00000000eac80000)
  from space 2048K, 81% used [0x00000000eae80000,0x00000000eb020ee8,0x00000000eb080000)
  to   space 2048K, 0% used [0x00000000eac80000,0x00000000eac80000,0x00000000eae80000)
 ParOldGen       total 406016K, used 405768K [0x00000000c0000000, 0x00000000d8c80000, 0x00000000eab00000)
  object space 406016K, 99% used [0x00000000c0000000,0x00000000d8c42378,0x00000000d8c80000)
 Metaspace       used 73591K, committed 75136K, reserved 1179648K
  class space    used 9170K, committed 9856K, reserved 1048576K
}
Event: 26.575 GC heap before
{Heap before GC invocations=346 (full 3):
 PSYoungGen      total 3584K, used 3203K [0x00000000eab00000, 0x00000000eb080000, 0x0000000100000000)
  eden space 1536K, 100% used [0x00000000eab00000,0x00000000eac80000,0x00000000eac80000)
  from space 2048K, 81% used [0x00000000eae80000,0x00000000eb020ee8,0x00000000eb080000)
  to   space 2048K, 0% used [0x00000000eac80000,0x00000000eac80000,0x00000000eae80000)
 ParOldGen       total 406016K, used 405768K [0x00000000c0000000, 0x00000000d8c80000, 0x00000000eab00000)
  object space 406016K, 99% used [0x00000000c0000000,0x00000000d8c42378,0x00000000d8c80000)
 Metaspace       used 73591K, committed 75136K, reserved 1179648K
  class space    used 9170K, committed 9856K, reserved 1048576K
}
Event: 26.579 GC heap after
{Heap after GC invocations=346 (full 3):
 PSYoungGen      total 3584K, used 1667K [0x00000000eab00000, 0x00000000eb080000, 0x0000000100000000)
  eden space 1536K, 0% used [0x00000000eab00000,0x00000000eab00000,0x00000000eac80000)
  from space 2048K, 81% used [0x00000000eac80000,0x00000000eae20ee8,0x00000000eae80000)
  to   space 2048K, 0% used [0x00000000eae80000,0x00000000eae80000,0x00000000eb080000)
 ParOldGen       total 407552K, used 407321K [0x00000000c0000000, 0x00000000d8e00000, 0x00000000eab00000)
  object space 407552K, 99% used [0x00000000c0000000,0x00000000d8dc6708,0x00000000d8e00000)
 Metaspace       used 73591K, committed 75136K, reserved 1179648K
  class space    used 9170K, committed 9856K, reserved 1048576K
}
Event: 26.607 GC heap before
{Heap before GC invocations=347 (full 3):
 PSYoungGen      total 3584K, used 3203K [0x00000000eab00000, 0x00000000eb080000, 0x0000000100000000)
  eden space 1536K, 100% used [0x00000000eab00000,0x00000000eac80000,0x00000000eac80000)
  from space 2048K, 81% used [0x00000000eac80000,0x00000000eae20ee8,0x00000000eae80000)
  to   space 2048K, 0% used [0x00000000eae80000,0x00000000eae80000,0x00000000eb080000)
 ParOldGen       total 407552K, used 407321K [0x00000000c0000000, 0x00000000d8e00000, 0x00000000eab00000)
  object space 407552K, 99% used [0x00000000c0000000,0x00000000d8dc6708,0x00000000d8e00000)
 Metaspace       used 73591K, committed 75136K, reserved 1179648K
  class space    used 9170K, committed 9856K, reserved 1048576K
}
Event: 26.611 GC heap after
{Heap after GC invocations=347 (full 3):
 PSYoungGen      total 3584K, used 1671K [0x00000000eab00000, 0x00000000eb080000, 0x0000000100000000)
  eden space 1536K, 0% used [0x00000000eab00000,0x00000000eab00000,0x00000000eac80000)
  from space 2048K, 81% used [0x00000000eae80000,0x00000000eb021fa0,0x00000000eb080000)
  to   space 2048K, 0% used [0x00000000eac80000,0x00000000eac80000,0x00000000eae80000)
 ParOldGen       total 409088K, used 408888K [0x00000000c0000000, 0x00000000d8f80000, 0x00000000eab00000)
  object space 409088K, 99% used [0x00000000c0000000,0x00000000d8f4e030,0x00000000d8f80000)
 Metaspace       used 73591K, committed 75136K, reserved 1179648K
  class space    used 9170K, committed 9856K, reserved 1048576K
}
Event: 26.638 GC heap before
{Heap before GC invocations=348 (full 3):
 PSYoungGen      total 3584K, used 3207K [0x00000000eab00000, 0x00000000eb080000, 0x0000000100000000)
  eden space 1536K, 100% used [0x00000000eab00000,0x00000000eac80000,0x00000000eac80000)
  from space 2048K, 81% used [0x00000000eae80000,0x00000000eb021fa0,0x00000000eb080000)
  to   space 2048K, 0% used [0x00000000eac80000,0x00000000eac80000,0x00000000eae80000)
 ParOldGen       total 409088K, used 408888K [0x00000000c0000000, 0x00000000d8f80000, 0x00000000eab00000)
  object space 409088K, 99% used [0x00000000c0000000,0x00000000d8f4e030,0x00000000d8f80000)
 Metaspace       used 73591K, committed 75136K, reserved 1179648K
  class space    used 9170K, committed 9856K, reserved 1048576K
}
Event: 26.642 GC heap after
{Heap after GC invocations=348 (full 3):
 PSYoungGen      total 3584K, used 1698K [0x00000000eab00000, 0x00000000eb080000, 0x0000000100000000)
  eden space 1536K, 0% used [0x00000000eab00000,0x00000000eab00000,0x00000000eac80000)
  from space 2048K, 82% used [0x00000000eac80000,0x00000000eae28928,0x00000000eae80000)
  to   space 2048K, 0% used [0x00000000eae80000,0x00000000eae80000,0x00000000eb080000)
 ParOldGen       total 410624K, used 410450K [0x00000000c0000000, 0x00000000d9100000, 0x00000000eab00000)
  object space 410624K, 99% used [0x00000000c0000000,0x00000000d90d4a00,0x00000000d9100000)
 Metaspace       used 73591K, committed 75136K, reserved 1179648K
  class space    used 9170K, committed 9856K, reserved 1048576K
}
Event: 26.671 GC heap before
{Heap before GC invocations=349 (full 3):
 PSYoungGen      total 3584K, used 3234K [0x00000000eab00000, 0x00000000eb080000, 0x0000000100000000)
  eden space 1536K, 100% used [0x00000000eab00000,0x00000000eac80000,0x00000000eac80000)
  from space 2048K, 82% used [0x00000000eac80000,0x00000000eae28928,0x00000000eae80000)
  to   space 2048K, 0% used [0x00000000eae80000,0x00000000eae80000,0x00000000eb080000)
 ParOldGen       total 410624K, used 410450K [0x00000000c0000000, 0x00000000d9100000, 0x00000000eab00000)
  object space 410624K, 99% used [0x00000000c0000000,0x00000000d90d4a00,0x00000000d9100000)
 Metaspace       used 73591K, committed 75136K, reserved 1179648K
  class space    used 9170K, committed 9856K, reserved 1048576K
}
Event: 26.677 GC heap after
{Heap after GC invocations=349 (full 3):
 PSYoungGen      total 3584K, used 1715K [0x00000000eab00000, 0x00000000eb080000, 0x0000000100000000)
  eden space 1536K, 0% used [0x00000000eab00000,0x00000000eab00000,0x00000000eac80000)
  from space 2048K, 83% used [0x00000000eae80000,0x00000000eb02cfd0,0x00000000eb080000)
  to   space 2048K, 0% used [0x00000000eac80000,0x00000000eac80000,0x00000000eae80000)
 ParOldGen       total 412160K, used 412004K [0x00000000c0000000, 0x00000000d9280000, 0x00000000eab00000)
  object space 412160K, 99% used [0x00000000c0000000,0x00000000d92592d0,0x00000000d9280000)
 Metaspace       used 73591K, committed 75136K, reserved 1179648K
  class space    used 9170K, committed 9856K, reserved 1048576K
}
Event: 26.721 GC heap before
{Heap before GC invocations=350 (full 3):
 PSYoungGen      total 3584K, used 3251K [0x00000000eab00000, 0x00000000eb080000, 0x0000000100000000)
  eden space 1536K, 100% used [0x00000000eab00000,0x00000000eac80000,0x00000000eac80000)
  from space 2048K, 83% used [0x00000000eae80000,0x00000000eb02cfd0,0x00000000eb080000)
  to   space 2048K, 0% used [0x00000000eac80000,0x00000000eac80000,0x00000000eae80000)
 ParOldGen       total 412160K, used 412004K [0x00000000c0000000, 0x00000000d9280000, 0x00000000eab00000)
  object space 412160K, 99% used [0x00000000c0000000,0x00000000d92592d0,0x00000000d9280000)
 Metaspace       used 73591K, committed 75136K, reserved 1179648K
  class space    used 9170K, committed 9856K, reserved 1048576K
}
Event: 26.726 GC heap after
{Heap after GC invocations=350 (full 3):
 PSYoungGen      total 3584K, used 1659K [0x00000000eab00000, 0x00000000eb080000, 0x0000000100000000)
  eden space 1536K, 0% used [0x00000000eab00000,0x00000000eab00000,0x00000000eac80000)
  from space 2048K, 81% used [0x00000000eac80000,0x00000000eae1ef70,0x00000000eae80000)
  to   space 2048K, 0% used [0x00000000eae80000,0x00000000eae80000,0x00000000eb080000)
 ParOldGen       total 413696K, used 413563K [0x00000000c0000000, 0x00000000d9400000, 0x00000000eab00000)
  object space 413696K, 99% used [0x00000000c0000000,0x00000000d93ded30,0x00000000d9400000)
 Metaspace       used 73591K, committed 75136K, reserved 1179648K
  class space    used 9170K, committed 9856K, reserved 1048576K
}
Event: 26.747 GC heap before
{Heap before GC invocations=351 (full 3):
 PSYoungGen      total 3584K, used 3130K [0x00000000eab00000, 0x00000000eb080000, 0x0000000100000000)
  eden space 1536K, 95% used [0x00000000eab00000,0x00000000eac6fa88,0x00000000eac80000)
  from space 2048K, 81% used [0x00000000eac80000,0x00000000eae1ef70,0x00000000eae80000)
  to   space 2048K, 0% used [0x00000000eae80000,0x00000000eae80000,0x00000000eb080000)
 ParOldGen       total 413696K, used 413563K [0x00000000c0000000, 0x00000000d9400000, 0x00000000eab00000)
  object space 413696K, 99% used [0x00000000c0000000,0x00000000d93ded30,0x00000000d9400000)
 Metaspace       used 73591K, committed 75136K, reserved 1179648K
  class space    used 9170K, committed 9856K, reserved 1048576K
}
Event: 26.753 GC heap after
{Heap after GC invocations=351 (full 3):
 PSYoungGen      total 3584K, used 1607K [0x00000000eab00000, 0x00000000eb080000, 0x0000000100000000)
  eden space 1536K, 0% used [0x00000000eab00000,0x00000000eab00000,0x00000000eac80000)
  from space 2048K, 78% used [0x00000000eae80000,0x00000000eb011fd0,0x00000000eb080000)
  to   space 2048K, 0% used [0x00000000eac80000,0x00000000eac80000,0x00000000eae80000)
 ParOldGen       total 415232K, used 415127K [0x00000000c0000000, 0x00000000d9580000, 0x00000000eab00000)
  object space 415232K, 99% used [0x00000000c0000000,0x00000000d9565c38,0x00000000d9580000)
 Metaspace       used 73591K, committed 75136K, reserved 1179648K
  class space    used 9170K, committed 9856K, reserved 1048576K
}
Event: 26.784 GC heap before
{Heap before GC invocations=352 (full 3):
 PSYoungGen      total 3584K, used 3143K [0x00000000eab00000, 0x00000000eb080000, 0x0000000100000000)
  eden space 1536K, 100% used [0x00000000eab00000,0x00000000eac80000,0x00000000eac80000)
  from space 2048K, 78% used [0x00000000eae80000,0x00000000eb011fd0,0x00000000eb080000)
  to   space 2048K, 0% used [0x00000000eac80000,0x00000000eac80000,0x00000000eae80000)
 ParOldGen       total 415232K, used 415127K [0x00000000c0000000, 0x00000000d9580000, 0x00000000eab00000)
  object space 415232K, 99% used [0x00000000c0000000,0x00000000d9565c38,0x00000000d9580000)
 Metaspace       used 73591K, committed 75136K, reserved 1179648K
  class space    used 9170K, committed 9856K, reserved 1048576K
}
Event: 26.788 GC heap after
{Heap after GC invocations=352 (full 3):
 PSYoungGen      total 3584K, used 1687K [0x00000000eab00000, 0x00000000eb080000, 0x0000000100000000)
  eden space 1536K, 0% used [0x00000000eab00000,0x00000000eab00000,0x00000000eac80000)
  from space 2048K, 82% used [0x00000000eac80000,0x00000000eae25ee8,0x00000000eae80000)
  to   space 2048K, 0% used [0x00000000eae80000,0x00000000eae80000,0x00000000eb080000)
 ParOldGen       total 416768K, used 416614K [0x00000000c0000000, 0x00000000d9700000, 0x00000000eab00000)
  object space 416768K, 99% used [0x00000000c0000000,0x00000000d96d9bd0,0x00000000d9700000)
 Metaspace       used 73591K, committed 75136K, reserved 1179648K
  class space    used 9170K, committed 9856K, reserved 1048576K
}
Event: 26.835 GC heap before
{Heap before GC invocations=353 (full 3):
 PSYoungGen      total 3584K, used 3223K [0x00000000eab00000, 0x00000000eb080000, 0x0000000100000000)
  eden space 1536K, 100% used [0x00000000eab00000,0x00000000eac80000,0x00000000eac80000)
  from space 2048K, 82% used [0x00000000eac80000,0x00000000eae25ee8,0x00000000eae80000)
  to   space 2048K, 0% used [0x00000000eae80000,0x00000000eae80000,0x00000000eb080000)
 ParOldGen       total 416768K, used 416614K [0x00000000c0000000, 0x00000000d9700000, 0x00000000eab00000)
  object space 416768K, 99% used [0x00000000c0000000,0x00000000d96d9bd0,0x00000000d9700000)
 Metaspace       used 73591K, committed 75136K, reserved 1179648K
  class space    used 9170K, committed 9856K, reserved 1048576K
}
Event: 26.843 GC heap after
{Heap after GC invocations=353 (full 3):
 PSYoungGen      total 3584K, used 1679K [0x00000000eab00000, 0x00000000eb080000, 0x0000000100000000)
  eden space 1536K, 0% used [0x00000000eab00000,0x00000000eab00000,0x00000000eac80000)
  from space 2048K, 81% used [0x00000000eae80000,0x00000000eb023d20,0x00000000eb080000)
  to   space 2048K, 0% used [0x00000000eac80000,0x00000000eac80000,0x00000000eae80000)
 ParOldGen       total 418304K, used 418177K [0x00000000c0000000, 0x00000000d9880000, 0x00000000eab00000)
  object space 418304K, 99% used [0x00000000c0000000,0x00000000d9860558,0x00000000d9880000)
 Metaspace       used 73591K, committed 75136K, reserved 1179648K
  class space    used 9170K, committed 9856K, reserved 1048576K
}
Event: 26.880 GC heap before
{Heap before GC invocations=354 (full 3):
 PSYoungGen      total 3584K, used 3123K [0x00000000eab00000, 0x00000000eb080000, 0x0000000100000000)
  eden space 1536K, 94% used [0x00000000eab00000,0x00000000eac69028,0x00000000eac80000)
  from space 2048K, 81% used [0x00000000eae80000,0x00000000eb023d20,0x00000000eb080000)
  to   space 2048K, 0% used [0x00000000eac80000,0x00000000eac80000,0x00000000eae80000)
 ParOldGen       total 418304K, used 418177K [0x00000000c0000000, 0x00000000d9880000, 0x00000000eab00000)
  object space 418304K, 99% used [0x00000000c0000000,0x00000000d9860558,0x00000000d9880000)
 Metaspace       used 73609K, committed 75136K, reserved 1179648K
  class space    used 9170K, committed 9856K, reserved 1048576K
}
Event: 26.885 GC heap after
{Heap after GC invocations=354 (full 3):
 PSYoungGen      total 3584K, used 1552K [0x00000000eab00000, 0x00000000eb080000, 0x0000000100000000)
  eden space 1536K, 0% used [0x00000000eab00000,0x00000000eab00000,0x00000000eac80000)
  from space 2048K, 75% used [0x00000000eac80000,0x00000000eae04000,0x00000000eae80000)
  to   space 2048K, 0% used [0x00000000eae80000,0x00000000eae80000,0x00000000eb080000)
 ParOldGen       total 419840K, used 419739K [0x00000000c0000000, 0x00000000d9a00000, 0x00000000eab00000)
  object space 419840K, 99% used [0x00000000c0000000,0x00000000d99e6c70,0x00000000d9a00000)
 Metaspace       used 73609K, committed 75136K, reserved 1179648K
  class space    used 9170K, committed 9856K, reserved 1048576K
}
Event: 26.969 GC heap before
{Heap before GC invocations=355 (full 3):
 PSYoungGen      total 3584K, used 3088K [0x00000000eab00000, 0x00000000eb080000, 0x0000000100000000)
  eden space 1536K, 100% used [0x00000000eab00000,0x00000000eac80000,0x00000000eac80000)
  from space 2048K, 75% used [0x00000000eac80000,0x00000000eae04000,0x00000000eae80000)
  to   space 2048K, 0% used [0x00000000eae80000,0x00000000eae80000,0x00000000eb080000)
 ParOldGen       total 419840K, used 419739K [0x00000000c0000000, 0x00000000d9a00000, 0x00000000eab00000)
  object space 419840K, 99% used [0x00000000c0000000,0x00000000d99e6c70,0x00000000d9a00000)
 Metaspace       used 73614K, committed 75136K, reserved 1179648K
  class space    used 9170K, committed 9856K, reserved 1048576K
}

