# JRE version: Java(TM) SE Runtime Environment (22.0+36) (build 22+36-2370)
# Java VM: Java HotSpot(TM) 64-Bit Server VM (22+36-2370, mixed mode, sharing, tiered, compressed oops, compressed class ptrs, g1 gc, windows-amd64)
GC Precious Log:
 CardTable entry size: 512
 Card Set container configuration: InlinePtr #cards 4 size 8 Array Of Cards #cards 16 size 48 Howl #buckets 8 coarsen threshold 3686 Howl Bitmap #cards 512 size 80 coarsen threshold 460 Card regions per heap region 1 cards per card region 4096
 CPUs: 12 total, 12 available
 Memory: 16309M
 Large Page Support: Disabled
 NUMA Support: Disabled
 Compressed Oops: Enabled (Zero based)
 Heap Region Size: 2M
 Heap Min Capacity: 8M
 Heap Initial Capacity: 256M
 Heap Max Capacity: 4G
 Pre-touch: Disabled
 Parallel Workers: 10
 Concurrent Workers: 3
 Concurrent Refinement Workers: 10
 Periodic GC: Disabled
Heap:
 garbage-first heap   total reserved 4194304K, committed 280576K, used 227441K [0x0000000700000000, 0x0000000800000000)
  region size 2048K, 78 young (159744K), 3 survivors (6144K)
 Metaspace       used 61528K, committed 63424K, reserved 1114112K
  class space    used 8814K, committed 9728K, reserved 1048576K
GC Heap History (20 events):
Event: 10.271 GC heap before
{Heap before GC invocations=24 (full 0):
 garbage-first heap   total reserved 4194304K, committed 286720K, used 255267K [0x0000000700000000, 0x0000000800000000)
  region size 2048K, 84 young (172032K), 3 survivors (6144K)
 Metaspace       used 54777K, committed 56576K, reserved 1114112K
  class space    used 7911K, committed 8768K, reserved 1048576K
}
Event: 10.277 GC heap after
{Heap after GC invocations=25 (full 0):
 garbage-first heap   total reserved 4194304K, committed 286720K, used 86134K [0x0000000700000000, 0x0000000800000000)
  region size 2048K, 4 young (8192K), 4 survivors (8192K)
 Metaspace       used 54777K, committed 56576K, reserved 1114112K
  class space    used 7911K, committed 8768K, reserved 1048576K
}
Event: 10.481 GC heap before
{Heap before GC invocations=25 (full 0):
 garbage-first heap   total reserved 4194304K, committed 286720K, used 249974K [0x0000000700000000, 0x0000000800000000)
  region size 2048K, 84 young (172032K), 4 survivors (8192K)
 Metaspace       used 54805K, committed 56576K, reserved 1114112K
  class space    used 7911K, committed 8768K, reserved 1048576K
}
Event: 10.486 GC heap after
{Heap after GC invocations=26 (full 0):
 garbage-first heap   total reserved 4194304K, committed 286720K, used 86028K [0x0000000700000000, 0x0000000800000000)
  region size 2048K, 4 young (8192K), 4 survivors (8192K)
 Metaspace       used 54805K, committed 56576K, reserved 1114112K
  class space    used 7911K, committed 8768K, reserved 1048576K
}
Event: 10.709 GC heap before
{Heap before GC invocations=27 (full 0):
 garbage-first heap   total reserved 4194304K, committed 286720K, used 249868K [0x0000000700000000, 0x0000000800000000)
  region size 2048K, 84 young (172032K), 4 survivors (8192K)
 Metaspace       used 54841K, committed 56640K, reserved 1114112K
  class space    used 7911K, committed 8768K, reserved 1048576K
}
Event: 10.715 GC heap after
{Heap after GC invocations=28 (full 0):
 garbage-first heap   total reserved 4194304K, committed 286720K, used 88901K [0x0000000700000000, 0x0000000800000000)
  region size 2048K, 4 young (8192K), 4 survivors (8192K)
 Metaspace       used 54841K, committed 56640K, reserved 1114112K
  class space    used 7911K, committed 8768K, reserved 1048576K
}
Event: 10.957 GC heap before
{Heap before GC invocations=28 (full 0):
 garbage-first heap   total reserved 4194304K, committed 286720K, used 252741K [0x0000000700000000, 0x0000000800000000)
  region size 2048K, 84 young (172032K), 4 survivors (8192K)
 Metaspace       used 54842K, committed 56640K, reserved 1114112K
  class space    used 7911K, committed 8768K, reserved 1048576K
}
Event: 10.967 GC heap after
{Heap after GC invocations=29 (full 0):
 garbage-first heap   total reserved 4194304K, committed 286720K, used 84632K [0x0000000700000000, 0x0000000800000000)
  region size 2048K, 5 young (10240K), 5 survivors (10240K)
 Metaspace       used 54842K, committed 56640K, reserved 1114112K
  class space    used 7911K, committed 8768K, reserved 1048576K
}
Event: 11.239 GC heap before
{Heap before GC invocations=29 (full 0):
 garbage-first heap   total reserved 4194304K, committed 286720K, used 246424K [0x0000000700000000, 0x0000000800000000)
  region size 2048K, 84 young (172032K), 5 survivors (10240K)
 Metaspace       used 54846K, committed 56640K, reserved 1114112K
  class space    used 7911K, committed 8768K, reserved 1048576K
}
Event: 11.245 GC heap after
{Heap after GC invocations=30 (full 0):
 garbage-first heap   total reserved 4194304K, committed 370688K, used 84972K [0x0000000700000000, 0x0000000800000000)
  region size 2048K, 5 young (10240K), 5 survivors (10240K)
 Metaspace       used 54846K, committed 56640K, reserved 1114112K
  class space    used 7911K, committed 8768K, reserved 1048576K
}
Event: 11.559 GC heap before
{Heap before GC invocations=31 (full 0):
 garbage-first heap   total reserved 4194304K, committed 286720K, used 246764K [0x0000000700000000, 0x0000000800000000)
  region size 2048K, 84 young (172032K), 5 survivors (10240K)
 Metaspace       used 54846K, committed 56640K, reserved 1114112K
  class space    used 7911K, committed 8768K, reserved 1048576K
}
Event: 11.563 GC heap after
{Heap after GC invocations=32 (full 0):
 garbage-first heap   total reserved 4194304K, committed 286720K, used 81462K [0x0000000700000000, 0x0000000800000000)
  region size 2048K, 4 young (8192K), 4 survivors (8192K)
 Metaspace       used 54846K, committed 56640K, reserved 1114112K
  class space    used 7911K, committed 8768K, reserved 1048576K
}
Event: 12.141 GC heap before
{Heap before GC invocations=32 (full 0):
 garbage-first heap   total reserved 4194304K, committed 286720K, used 245302K [0x0000000700000000, 0x0000000800000000)
  region size 2048K, 84 young (172032K), 4 survivors (8192K)
 Metaspace       used 54983K, committed 56768K, reserved 1114112K
  class space    used 7921K, committed 8768K, reserved 1048576K
}
Event: 12.149 GC heap after
{Heap after GC invocations=33 (full 0):
 garbage-first heap   total reserved 4194304K, committed 286720K, used 77083K [0x0000000700000000, 0x0000000800000000)
  region size 2048K, 3 young (6144K), 3 survivors (6144K)
 Metaspace       used 54983K, committed 56768K, reserved 1114112K
  class space    used 7921K, committed 8768K, reserved 1048576K
}
Event: 14.054 GC heap before
{Heap before GC invocations=33 (full 0):
 garbage-first heap   total reserved 4194304K, committed 286720K, used 242971K [0x0000000700000000, 0x0000000800000000)
  region size 2048K, 84 young (172032K), 3 survivors (6144K)
 Metaspace       used 55133K, committed 56896K, reserved 1114112K
  class space    used 7939K, committed 8768K, reserved 1048576K
}
Event: 14.060 GC heap after
{Heap after GC invocations=34 (full 0):
 garbage-first heap   total reserved 4194304K, committed 286720K, used 80721K [0x0000000700000000, 0x0000000800000000)
  region size 2048K, 5 young (10240K), 5 survivors (10240K)
 Metaspace       used 55133K, committed 56896K, reserved 1114112K
  class space    used 7939K, committed 8768K, reserved 1048576K
}
Event: 14.612 GC heap before
{Heap before GC invocations=35 (full 0):
 garbage-first heap   total reserved 4194304K, committed 280576K, used 236369K [0x0000000700000000, 0x0000000800000000)
  region size 2048K, 82 young (167936K), 5 survivors (10240K)
 Metaspace       used 55144K, committed 56896K, reserved 1114112K
  class space    used 7939K, committed 8768K, reserved 1048576K
}
Event: 14.617 GC heap after
{Heap after GC invocations=36 (full 0):
 garbage-first heap   total reserved 4194304K, committed 280576K, used 79017K [0x0000000700000000, 0x0000000800000000)
  region size 2048K, 4 young (8192K), 4 survivors (8192K)
 Metaspace       used 55144K, committed 56896K, reserved 1114112K
  class space    used 7939K, committed 8768K, reserved 1048576K
}
Event: 15.081 GC heap before
{Heap before GC invocations=36 (full 0):
 garbage-first heap   total reserved 4194304K, committed 280576K, used 238761K [0x0000000700000000, 0x0000000800000000)
  region size 2048K, 82 young (167936K), 4 survivors (8192K)
 Metaspace       used 55144K, committed 56896K, reserved 1114112K
  class space    used 7939K, committed 8768K, reserved 1048576K
}
Event: 15.086 GC heap after
{Heap after GC invocations=37 (full 0):
 garbage-first heap   total reserved 4194304K, committed 280576K, used 75889K [0x0000000700000000, 0x0000000800000000)
  region size 2048K, 3 young (6144K), 3 survivors (6144K)
 Metaspace       used 55144K, committed 56896K, reserved 1114112K
  class space    used 7939K, committed 8768K, reserved 1048576K
}

